C51 COMPILER V9.60.0.0   MAIN                                                              03/10/2025 15:20:18 PAGE 1   


C51 COMPILER V9.60.0.0, COMPILATION OF MODULE MAIN
OBJECT MODULE PLACED IN .\Objects\main.obj
COMPILER INVOKED BY: E:\keil\C51\BIN\C51.EXE main.c OPTIMIZE(8,SPEED) BROWSE DEBUG OBJECTEXTEND PRINT(.\Listings\main.ls
                    -t) TABS(2) OBJECT(.\Objects\main.obj)

line level    source

   1          #include <REGX52.H>
   2          #include "Delay.h"
   3          #include "Nixie.h"
   4          
   5          
   6          void main()
   7          {
   8   1        while(1)
   9   1        { Delay(100);
  10   2          Nixie(1,5);
  11   2          Delay(100);
  12   2          Nixie(2,2);
  13   2          Delay(100);
  14   2          Nixie(3,0);
  15   2          Delay(100);
  16   2          Nixie(4,1);
  17   2          Delay(100);
  18   2          Nixie(5,3);
  19   2          Delay(100);
  20   2          Nixie(6,1);
  21   2          Delay(100);
  22   2          Nixie(7,4);
  23   2      
  24   2      
  25   2      
  26   2        }
  27   1      }


MODULE INFORMATION:   STATIC OVERLAYABLE
   CODE SIZE        =    113    ----
   CONSTANT SIZE    =   ----    ----
   XDATA SIZE       =   ----    ----
   PDATA SIZE       =   ----    ----
   DATA SIZE        =   ----    ----
   IDATA SIZE       =   ----    ----
   BIT SIZE         =   ----    ----
END OF MODULE INFORMATION.


C51 COMPILATION COMPLETE.  0 WARNING(S),  0 ERROR(S)
