C51 COMPILER V9.60.0.0   MAIN                                                              03/09/2025 12:23:44 PAGE 1   


C51 COMPILER V9.60.0.0, COMPILATION OF MODULE MAIN
OBJECT MODULE PLACED IN .\Objects\main.obj
COMPILER INVOKED BY: E:\keil\C51\BIN\C51.EXE main.c OPTIMIZE(8,SPEED) BROWSE DEBUG OBJECTEXTEND PRINT(.\Listings\main.ls
                    -t) TABS(2) OBJECT(.\Objects\main.obj)

line level    source

   1          #include <REGX52.H>
   2          
   3          void Delay(unsigned int xms)    //@12.000MHz
   4          {
   5   1        unsigned char i, j;
   6   1        while(xms--)
   7   1        {
   8   2          i = 12;
   9   2        j = 169;
  10   2        do
  11   2        {
  12   3          while (--j);
  13   3        } while (--i);
  14   2        }
  15   1        
  16   1      }
  17          
  18          void main()
  19          { 
  20   1        unsigned char LEDNum=0;
  21   1        P2=~0X01;
  22   1        while(1)
  23   1        {
  24   2          if(P3_1==0)
  25   2          {
  26   3            Delay(20);
  27   3            while(P3_1==0);
  28   3            Delay(20);
  29   3            
  30   3              LEDNum++;
  31   3              if(LEDNum>=8)
  32   3              {
  33   4                LEDNum=0;
  34   4              }
  35   3                P2=~(0X01<<LEDNum);
  36   3              
  37   3            
  38   3            
  39   3          }
  40   2          if(P3_0==0)
  41   2          {
  42   3            Delay(20);
  43   3            while(P3_0==0);
  44   3            Delay(20);
  45   3            
  46   3              if(LEDNum==0)
  47   3                LEDNum=7;
  48   3              else
  49   3                LEDNum--;
  50   3                P2=~(0X01<<LEDNum);
  51   3              
  52   3            
  53   3            
  54   3          }
C51 COMPILER V9.60.0.0   MAIN                                                              03/09/2025 12:23:44 PAGE 2   

  55   2        }
  56   1      }


MODULE INFORMATION:   STATIC OVERLAYABLE
   CODE SIZE        =    105    ----
   CONSTANT SIZE    =   ----    ----
   XDATA SIZE       =   ----    ----
   PDATA SIZE       =   ----    ----
   DATA SIZE        =   ----    ----
   IDATA SIZE       =   ----    ----
   BIT SIZE         =   ----    ----
END OF MODULE INFORMATION.


C51 COMPILATION COMPLETE.  0 WARNING(S),  0 ERROR(S)
