C51 COMPILER V9.60.0.0   MAIN                                                              03/09/2025 11:42:03 PAGE 1   


C51 COMPILER V9.60.0.0, COMPILATION OF MODULE MAIN
OBJECT MODULE PLACED IN .\Objects\main.obj
COMPILER INVOKED BY: E:\keil\C51\BIN\C51.EXE main.c OPTIMIZE(8,SPEED) BROWSE DEBUG OBJECTEXTEND PRINT(.\Listings\main.ls
                    -t) TABS(2) OBJECT(.\Objects\main.obj)

line level    source

   1          #include <REGX52.H>
   2          void Delay(unsigned int xms)    //@12.000MHz
   3          {
   4   1        unsigned char i, j;
   5   1        while(xms)
   6   1        {
   7   2          i = 12;
   8   2            j = 169;
   9   2            do
  10   2            {
  11   3              while (--j);
  12   3            } while (--i);
  13   2            xms--;
  14   2        }
  15   1          
  16   1      }
  17          
  18          void main()
  19          {
  20   1      //  P2=0XFE;
  21   1        
  22   1        while(1)
  23   1        {
  24   2          if(P3_1==0)
  25   2          {
  26   3            Delay(20);
  27   3            while(P3_1==0);
  28   3            Delay(20);
  29   3            P2_0=~P2_0;
  30   3          }
  31   2        }
  32   1      }


MODULE INFORMATION:   STATIC OVERLAYABLE
   CODE SIZE        =     44    ----
   CONSTANT SIZE    =   ----    ----
   XDATA SIZE       =   ----    ----
   PDATA SIZE       =   ----    ----
   DATA SIZE        =   ----    ----
   IDATA SIZE       =   ----    ----
   BIT SIZE         =   ----    ----
END OF MODULE INFORMATION.


C51 COMPILATION COMPLETE.  0 WARNING(S),  0 ERROR(S)
