C51 COMPILER V9.60.0.0   MAIN                                                              03/08/2025 16:06:27 PAGE 1   


C51 COMPILER V9.60.0.0, COMPILATION OF MODULE MAIN
OBJECT MODULE PLACED IN .\Objects\main.obj
COMPILER INVOKED BY: E:\keil\C51\BIN\C51.EXE main.c OPTIMIZE(8,SPEED) BROWSE DEBUG OBJECTEXTEND PRINT(.\Listings\main.ls
                    -t) TABS(2) OBJECT(.\Objects\main.obj)

line level    source

   1          #include <REGX52.H>
   2          
   3          void Delay1ms(unsigned int xms)   //@12MHz
   4          {
   5   1        unsigned char i, j;
   6   1        while(xms)
   7   1        {
   8   2          i = 2;
   9   2          j = 239;
  10   2          do
  11   2          {
  12   3            while (--j);
  13   3          } while (--i);
  14   2          xms--;
  15   2        }
  16   1        
  17   1      }
  18          
  19          
  20          void main()
  21          {
  22   1        
  23   1        while(1)
  24   1          {
  25   2            P2=0XFE;
  26   2            Delay1ms(500);
  27   2            P2=0XFD;
  28   2            Delay1ms(500);
  29   2            P2=0XFB;
  30   2            Delay1ms(500);
  31   2            P2=0XF7;
  32   2            Delay1ms(500);
  33   2            P2=0XEF;
  34   2            Delay1ms(500);
  35   2            P2=0XBF;
  36   2            Delay1ms(500);    
  37   2            P2=0X7F;
  38   2            Delay1ms(500);      
  39   2          }
  40   1      }


MODULE INFORMATION:   STATIC OVERLAYABLE
   CODE SIZE        =     68    ----
   CONSTANT SIZE    =   ----    ----
   XDATA SIZE       =   ----    ----
   PDATA SIZE       =   ----    ----
   DATA SIZE        =   ----    ----
   IDATA SIZE       =   ----    ----
   BIT SIZE         =   ----    ----
END OF MODULE INFORMATION.


C51 COMPILATION COMPLETE.  0 WARNING(S),  0 ERROR(S)
